2025-08-05 18:51:14,989 - INFO - ============================================================
2025-08-05 18:51:14,989 - INFO - INICIANDO EXTRACCIÓN DE EMPRESAS CMF
2025-08-05 18:51:14,989 - INFO - ============================================================
2025-08-05 18:51:15,182 - INFO - WebDriver configurado exitosamente
2025-08-05 18:51:15,182 - INFO - Navegando a: https://www.cmfchile.cl/institucional/mercados/novedades_envio_fechas_eeff.php
2025-08-05 18:51:15,615 - INFO - Página cargada correctamente
2025-08-05 18:51:15,615 - INFO - Seleccionando año: 2024
2025-08-05 18:51:15,932 - INFO - Formulario enviado y tabla cargada
2025-08-05 18:51:15,932 - INFO - Extrayendo datos de la tabla
2025-08-05 18:51:16,055 - INFO - Datos extraídos exitosamente: 546 empresas
2025-08-05 18:51:16,055 - INFO - Procesando y limpiando datos
2025-08-05 18:51:16,057 - INFO - Datos procesados: 545 empresas válidas
2025-08-05 18:51:16,099 - INFO - Archivo Excel creado: ./data/RUT_Chilean_Companies/RUT_Chilean_Companies.xlsx
2025-08-05 18:51:16,101 - INFO - Archivo CSV creado: ./data/RUT_Chilean_Companies/RUT_Chilean_Companies.csv
2025-08-05 18:51:16,101 - INFO - ============================================================
2025-08-05 18:51:16,101 - INFO - RESUMEN DE EXTRACCIÓN
2025-08-05 18:51:16,101 - INFO - ============================================================
2025-08-05 18:51:16,101 - INFO - Año consultado: 2024
2025-08-05 18:51:16,101 - INFO - Empresas encontradas: 545
2025-08-05 18:51:16,101 - INFO - Archivo Excel: ✓
2025-08-05 18:51:16,102 - INFO - Archivo CSV: ✓
2025-08-05 18:51:16,160 - INFO - WebDriver cerrado
2025-08-05 18:51:31,941 - INFO - ============================================================
2025-08-05 18:51:31,941 - INFO - INICIANDO EXTRACCIÓN DE EMPRESAS CMF
2025-08-05 18:51:31,941 - INFO - ============================================================
2025-08-05 18:51:32,158 - INFO - WebDriver configurado exitosamente
2025-08-05 18:51:32,159 - INFO - Navegando a: https://www.cmfchile.cl/institucional/mercados/novedades_envio_fechas_eeff.php
2025-08-05 18:51:32,573 - INFO - Página cargada correctamente
2025-08-05 18:51:32,573 - INFO - Seleccionando año: 2024
2025-08-05 18:51:32,898 - INFO - Formulario enviado y tabla cargada
2025-08-05 18:51:32,898 - INFO - Extrayendo datos de la tabla
2025-08-05 18:51:33,024 - INFO - Datos extraídos exitosamente: 546 empresas
2025-08-05 18:51:33,024 - INFO - Procesando y limpiando datos
2025-08-05 18:51:33,026 - INFO - Datos procesados: 545 empresas válidas
2025-08-05 18:51:33,066 - INFO - Archivo Excel creado: ./data/RUT_Chilean_Companies/RUT_Chilean_Companies.xlsx
2025-08-05 18:51:33,068 - INFO - Archivo CSV creado: ./data/RUT_Chilean_Companies/RUT_Chilean_Companies.csv
2025-08-05 18:51:33,068 - INFO - ============================================================
2025-08-05 18:51:33,068 - INFO - RESUMEN DE EXTRACCIÓN
2025-08-05 18:51:33,068 - INFO - ============================================================
2025-08-05 18:51:33,068 - INFO - Año consultado: 2024
2025-08-05 18:51:33,068 - INFO - Empresas encontradas: 545
2025-08-05 18:51:33,069 - INFO - Archivo Excel: ✓
2025-08-05 18:51:33,069 - INFO - Archivo CSV: ✓
2025-08-05 18:51:33,127 - INFO - WebDriver cerrado
2025-08-05 18:52:34,820 - INFO - ============================================================
2025-08-05 18:52:34,820 - INFO - INICIANDO EXTRACCIÓN DE EMPRESAS CMF
2025-08-05 18:52:34,820 - INFO - ============================================================
2025-08-05 18:52:35,014 - INFO - WebDriver configurado exitosamente
2025-08-05 18:52:35,014 - INFO - Navegando a: https://www.cmfchile.cl/institucional/mercados/novedades_envio_fechas_eeff.php
2025-08-05 18:52:35,509 - INFO - Página cargada correctamente
2025-08-05 18:52:35,510 - INFO - Seleccionando año: 2023
2025-08-05 18:52:36,070 - INFO - Formulario enviado y tabla cargada
2025-08-05 18:52:36,071 - INFO - Extrayendo datos de la tabla
2025-08-05 18:52:36,195 - INFO - Datos extraídos exitosamente: 559 empresas
2025-08-05 18:52:36,196 - INFO - Procesando y limpiando datos
2025-08-05 18:52:36,198 - INFO - Datos procesados: 559 empresas válidas
2025-08-05 18:52:36,238 - INFO - Archivo Excel creado: ./data/RUT_Chilean_Companies/RUT_Chilean_Companies.xlsx
2025-08-05 18:52:36,240 - INFO - Archivo CSV creado: ./data/RUT_Chilean_Companies/RUT_Chilean_Companies.csv
2025-08-05 18:52:36,240 - INFO - ============================================================
2025-08-05 18:52:36,240 - INFO - RESUMEN DE EXTRACCIÓN
2025-08-05 18:52:36,240 - INFO - ============================================================
2025-08-05 18:52:36,240 - INFO - Año consultado: 2023
2025-08-05 18:52:36,240 - INFO - Empresas encontradas: 559
2025-08-05 18:52:36,240 - INFO - Archivo Excel: ✓
2025-08-05 18:52:36,240 - INFO - Archivo CSV: ✓
2025-08-05 18:52:36,299 - INFO - WebDriver cerrado
